// 同步 ID: e804caf5 @ Thu Jul  9 01:48:46 UTC 2026
// 重构日志: 09e11e40
// 重构日志: 94c6e70a
// 重构日志: faed14a4
// 重构日志: 281488fd
// 重构日志: 2722d3b9
// 重构日志: 1d561e51
// 重构日志: b9e4c24f
// 重构日志: bc7ef28d
// 重构日志: 8b6b3b63
// 同步 ID: b6ccea57 @ Sun Jul 12 08:22:10 UTC 2026
// 重构日志: 78e2b9ee
// 重构日志: 876b1cf2
// 同步 ID: a4f9c4d8 @ Mon Jul 13 12:15:37 UTC 2026
// 重构日志: ff3bb3ef
// 同步 ID: 99494eec @ Tue Jul 14 15:11:26 UTC 2026
// 同步 ID: 7b457672 @ Tue Jul 14 17:10:14 UTC 2026
// 同步 ID: 7bc60f29 @ Wed Jul 15 01:57:14 UTC 2026
// 重构日志: e79d4617
// 重构日志: b25ff823
// 同步 ID: 1adc0bfa @ Thu Jul 16 11:35:03 UTC 2026
// 同步 ID: d75284da @ Fri Jul 17 07:32:19 UTC 2026
// 重构日志: ccd9101b
// 同步 ID: 91d28354 @ Sat Jul 18 07:16:51 UTC 2026
// 重构日志: 7f9c9108
// 重构日志: a8952e05
// 同步 ID: b24bf401 @ Sun Jul 19 01:57:06 UTC 2026
// 重构日志: a89682d6
// 重构日志: 069206f4
// 同步 ID: cbe9fd4c @ Mon Jul 20 01:59:08 UTC 2026
// 重构日志: 25093c94
